# JRE version: Java(TM) SE Runtime Environment (8.0_171-b11) (build 1.8.0_171-b11)
# Java VM: Java HotSpot(TM) 64-Bit Server VM (25.171-b11 mixed mode linux-amd64 compressed oops)
Heap:
 PSYoungGen      total 20992K, used 8943K [0x00000000f5f80000, 0x00000000f7900000, 0x0000000100000000)
  eden space 16896K, 45% used [0x00000000f5f80000,0x00000000f66f3c58,0x00000000f7000000)
  from space 4096K, 32% used [0x00000000f7500000,0x00000000f7648020,0x00000000f7900000)
  to   space 4608K, 0% used [0x00000000f7000000,0x00000000f7000000,0x00000000f7480000)
 ParOldGen       total 24064K, used 11516K [0x00000000e1e00000, 0x00000000e3580000, 0x00000000f5f80000)
  object space 24064K, 47% used [0x00000000e1e00000,0x00000000e293f338,0x00000000e3580000)
 Metaspace       used 22340K, capacity 23560K, committed 23680K, reserved 1069056K
  class space    used 3128K, capacity 3374K, committed 3456K, reserved 1048576K
GC Heap History (10 events):
Event: 14,816 GC heap before
{Heap before GC invocations=5 (full 0):
 PSYoungGen      total 9728K, used 9712K [0x00000000f5f80000, 0x00000000f6a00000, 0x0000000100000000)
  eden space 8704K, 100% used [0x00000000f5f80000,0x00000000f6800000,0x00000000f6800000)
  from space 1024K, 98% used [0x00000000f6900000,0x00000000f69fc020,0x00000000f6a00000)
  to   space 1024K, 0% used [0x00000000f6800000,0x00000000f6800000,0x00000000f6900000)
 ParOldGen       total 22016K, used 6769K [0x00000000e1e00000, 0x00000000e3380000, 0x00000000f5f80000)
  object space 22016K, 30% used [0x00000000e1e00000,0x00000000e249c750,0x00000000e3380000)
 Metaspace       used 20003K, capacity 20724K, committed 20992K, reserved 1067008K
  class space    used 2757K, capacity 2978K, committed 3072K, reserved 1048576K
Event: 14,831 GC heap after
Heap after GC invocations=5 (full 0):
 PSYoungGen      total 9728K, used 1008K [0x00000000f5f80000, 0x00000000f7100000, 0x0000000100000000)
  eden space 8704K, 0% used [0x00000000f5f80000,0x00000000f5f80000,0x00000000f6800000)
  from space 1024K, 98% used [0x00000000f6800000,0x00000000f68fc020,0x00000000f6900000)
  to   space 4608K, 0% used [0x00000000f6c80000,0x00000000f6c80000,0x00000000f7100000)
 ParOldGen       total 22016K, used 9211K [0x00000000e1e00000, 0x00000000e3380000, 0x00000000f5f80000)
  object space 22016K, 41% used [0x00000000e1e00000,0x00000000e26fed78,0x00000000e3380000)
 Metaspace       used 20003K, capacity 20724K, committed 20992K, reserved 1067008K
  class space    used 2757K, capacity 2978K, committed 3072K, reserved 1048576K
}
Event: 15,166 GC heap before
{Heap before GC invocations=6 (full 0):
 PSYoungGen      total 9728K, used 8936K [0x00000000f5f80000, 0x00000000f7100000, 0x0000000100000000)
  eden space 8704K, 91% used [0x00000000f5f80000,0x00000000f673e140,0x00000000f6800000)
  from space 1024K, 98% used [0x00000000f6800000,0x00000000f68fc020,0x00000000f6900000)
  to   space 4608K, 0% used [0x00000000f6c80000,0x00000000f6c80000,0x00000000f7100000)
 ParOldGen       total 22016K, used 9211K [0x00000000e1e00000, 0x00000000e3380000, 0x00000000f5f80000)
  object space 22016K, 41% used [0x00000000e1e00000,0x00000000e26fed78,0x00000000e3380000)
 Metaspace       used 20417K, capacity 21190K, committed 21248K, reserved 1067008K
  class space    used 2821K, capacity 3029K, committed 3072K, reserved 1048576K
Event: 15,198 GC heap after
Heap after GC invocations=6 (full 0):
 PSYoungGen      total 13312K, used 1440K [0x00000000f5f80000, 0x00000000f7980000, 0x0000000100000000)
  eden space 8704K, 0% used [0x00000000f5f80000,0x00000000f5f80000,0x00000000f6800000)
  from space 4608K, 31% used [0x00000000f6c80000,0x00000000f6de8050,0x00000000f7100000)
  to   space 4608K, 0% used [0x00000000f6800000,0x00000000f6800000,0x00000000f6c80000)
 ParOldGen       total 22016K, used 9211K [0x00000000e1e00000, 0x00000000e3380000, 0x00000000f5f80000)
  object space 22016K, 41% used [0x00000000e1e00000,0x00000000e26fed78,0x00000000e3380000)
 Metaspace       used 20417K, capacity 21190K, committed 21248K, reserved 1067008K
  class space    used 2821K, capacity 3029K, committed 3072K, reserved 1048576K
}
Event: 15,218 GC heap before
{Heap before GC invocations=7 (full 0):
 PSYoungGen      total 13312K, used 2790K [0x00000000f5f80000, 0x00000000f7980000, 0x0000000100000000)
  eden space 8704K, 15% used [0x00000000f5f80000,0x00000000f60d17c0,0x00000000f6800000)
  from space 4608K, 31% used [0x00000000f6c80000,0x00000000f6de8050,0x00000000f7100000)
  to   space 4608K, 0% used [0x00000000f6800000,0x00000000f6800000,0x00000000f6c80000)
 ParOldGen       total 22016K, used 9211K [0x00000000e1e00000, 0x00000000e3380000, 0x00000000f5f80000)
  object space 22016K, 41% used [0x00000000e1e00000,0x00000000e26fed78,0x00000000e3380000)
 Metaspace       used 20472K, capacity 21190K, committed 21248K, reserved 1067008K
  class space    used 2823K, capacity 3029K, committed 3072K, reserved 1048576K
Event: 15,237 GC heap after
Heap after GC invocations=7 (full 0):
 PSYoungGen      total 13312K, used 2108K [0x00000000f5f80000, 0x00000000f7980000, 0x0000000100000000)
  eden space 8704K, 0% used [0x00000000f5f80000,0x00000000f5f80000,0x00000000f6800000)
  from space 4608K, 45% used [0x00000000f6800000,0x00000000f6a0f360,0x00000000f6c80000)
  to   space 4608K, 0% used [0x00000000f7500000,0x00000000f7500000,0x00000000f7980000)
 ParOldGen       total 22016K, used 9715K [0x00000000e1e00000, 0x00000000e3380000, 0x00000000f5f80000)
  object space 22016K, 44% used [0x00000000e1e00000,0x00000000e277cd98,0x00000000e3380000)
 Metaspace       used 20472K, capacity 21190K, committed 21248K, reserved 1067008K
  class space    used 2823K, capacity 3029K, committed 3072K, reserved 1048576K
}
Event: 15,237 GC heap before
{Heap before GC invocations=8 (full 1):
 PSYoungGen      total 13312K, used 2108K [0x00000000f5f80000, 0x00000000f7980000, 0x0000000100000000)
  eden space 8704K, 0% used [0x00000000f5f80000,0x00000000f5f80000,0x00000000f6800000)
  from space 4608K, 45% used [0x00000000f6800000,0x00000000f6a0f360,0x00000000f6c80000)
  to   space 4608K, 0% used [0x00000000f7500000,0x00000000f7500000,0x00000000f7980000)
 ParOldGen       total 22016K, used 9715K [0x00000000e1e00000, 0x00000000e3380000, 0x00000000f5f80000)
  object space 22016K, 44% used [0x00000000e1e00000,0x00000000e277cd98,0x00000000e3380000)
 Metaspace       used 20472K, capacity 21190K, committed 21248K, reserved 1067008K
  class space    used 2823K, capacity 3029K, committed 3072K, reserved 1048576K
Event: 15,343 GC heap after
Heap after GC invocations=8 (full 1):
 PSYoungGen      total 13312K, used 0K [0x00000000f5f80000, 0x00000000f7980000, 0x0000000100000000)
  eden space 8704K, 0% used [0x00000000f5f80000,0x00000000f5f80000,0x00000000f6800000)
  from space 4608K, 0% used [0x00000000f6800000,0x00000000f6800000,0x00000000f6c80000)
  to   space 4608K, 0% used [0x00000000f7500000,0x00000000f7500000,0x00000000f7980000)
 ParOldGen       total 24064K, used 11508K [0x00000000e1e00000, 0x00000000e3580000, 0x00000000f5f80000)
  object space 24064K, 47% used [0x00000000e1e00000,0x00000000e293d338,0x00000000e3580000)
 Metaspace       used 20472K, capacity 21190K, committed 21248K, reserved 1067008K
  class space    used 2823K, capacity 3029K, committed 3072K, reserved 1048576K
}
Event: 15,910 GC heap before
{Heap before GC invocations=9 (full 1):
 PSYoungGen      total 13312K, used 8704K [0x00000000f5f80000, 0x00000000f7980000, 0x0000000100000000)
  eden space 8704K, 100% used [0x00000000f5f80000,0x00000000f6800000,0x00000000f6800000)
  from space 4608K, 0% used [0x00000000f6800000,0x00000000f6800000,0x00000000f6c80000)
  to   space 4608K, 0% used [0x00000000f7500000,0x00000000f7500000,0x00000000f7980000)
 ParOldGen       total 24064K, used 11508K [0x00000000e1e00000, 0x00000000e3580000, 0x00000000f5f80000)
  object space 24064K, 47% used [0x00000000e1e00000,0x00000000e293d338,0x00000000e3580000)
 Metaspace       used 21819K, capacity 22942K, committed 23040K, reserved 1069056K
  class space    used 3070K, capacity 3307K, committed 3328K, reserved 1048576K
Event: 15,915 GC heap after
Heap after GC invocations=9 (full 1):
 PSYoungGen      total 20992K, used 1312K [0x00000000f5f80000, 0x00000000f7900000, 0x0000000100000000)
  eden space 16896K, 0% used [0x00000000f5f80000,0x00000000f5f80000,0x00000000f7000000)
  from space 4096K, 32% used [0x00000000f7500000,0x00000000f7648020,0x00000000f7900000)
  to   space 4608K, 0% used [0x00000000f7000000,0x00000000f7000000,0x00000000f7480000)
 ParOldGen       total 24064K, used 11516K [0x00000000e1e00000, 0x00000000e3580000, 0x00000000f5f80000)
  object space 24064K, 47% used [0x00000000e1e00000,0x00000000e293f338,0x00000000e3580000)
 Metaspace       used 21819K, capacity 22942K, committed 23040K, reserved 1069056K
  class space    used 3070K, capacity 3307K, committed 3328K, reserved 1048576K
}

