# JRE version: Java(TM) SE Runtime Environment (8.0_171-b11) (build 1.8.0_171-b11)
# Java VM: Java HotSpot(TM) 64-Bit Server VM (25.171-b11 mixed mode linux-amd64 compressed oops)
Heap:
 PSYoungGen      total 20992K, used 13056K [0x00000000f5f80000, 0x00000000f7900000, 0x0000000100000000)
  eden space 16896K, 71% used [0x00000000f5f80000,0x00000000f6b54130,0x00000000f7000000)
  from space 4096K, 23% used [0x00000000f7500000,0x00000000f75ec010,0x00000000f7900000)
  to   space 4608K, 0% used [0x00000000f7000000,0x00000000f7000000,0x00000000f7480000)
 ParOldGen       total 24576K, used 11367K [0x00000000e1e00000, 0x00000000e3600000, 0x00000000f5f80000)
  object space 24576K, 46% used [0x00000000e1e00000,0x00000000e2919f88,0x00000000e3600000)
 Metaspace       used 22433K, capacity 23696K, committed 23936K, reserved 1069056K
  class space    used 3127K, capacity 3374K, committed 3456K, reserved 1048576K
GC Heap History (10 events):
Event: 51,694 GC heap before
{Heap before GC invocations=5 (full 0):
 PSYoungGen      total 9728K, used 9712K [0x00000000f5f80000, 0x00000000f6a00000, 0x0000000100000000)
  eden space 8704K, 100% used [0x00000000f5f80000,0x00000000f6800000,0x00000000f6800000)
  from space 1024K, 98% used [0x00000000f6900000,0x00000000f69fc038,0x00000000f6a00000)
  to   space 1024K, 0% used [0x00000000f6800000,0x00000000f6800000,0x00000000f6900000)
 ParOldGen       total 22016K, used 6781K [0x00000000e1e00000, 0x00000000e3380000, 0x00000000f5f80000)
  object space 22016K, 30% used [0x00000000e1e00000,0x00000000e249f4a8,0x00000000e3380000)
 Metaspace       used 20047K, capacity 20792K, committed 20992K, reserved 1067008K
  class space    used 2757K, capacity 2978K, committed 3072K, reserved 1048576K
Event: 51,725 GC heap after
Heap after GC invocations=5 (full 0):
 PSYoungGen      total 9728K, used 1008K [0x00000000f5f80000, 0x00000000f7100000, 0x0000000100000000)
  eden space 8704K, 0% used [0x00000000f5f80000,0x00000000f5f80000,0x00000000f6800000)
  from space 1024K, 98% used [0x00000000f6800000,0x00000000f68fc020,0x00000000f6900000)
  to   space 4608K, 0% used [0x00000000f6c80000,0x00000000f6c80000,0x00000000f7100000)
 ParOldGen       total 22016K, used 9200K [0x00000000e1e00000, 0x00000000e3380000, 0x00000000f5f80000)
  object space 22016K, 41% used [0x00000000e1e00000,0x00000000e26fc228,0x00000000e3380000)
 Metaspace       used 20047K, capacity 20792K, committed 20992K, reserved 1067008K
  class space    used 2757K, capacity 2978K, committed 3072K, reserved 1048576K
}
Event: 52,063 GC heap before
{Heap before GC invocations=6 (full 0):
 PSYoungGen      total 9728K, used 9160K [0x00000000f5f80000, 0x00000000f7100000, 0x0000000100000000)
  eden space 8704K, 93% used [0x00000000f5f80000,0x00000000f67761d8,0x00000000f6800000)
  from space 1024K, 98% used [0x00000000f6800000,0x00000000f68fc020,0x00000000f6900000)
  to   space 4608K, 0% used [0x00000000f6c80000,0x00000000f6c80000,0x00000000f7100000)
 ParOldGen       total 22016K, used 9200K [0x00000000e1e00000, 0x00000000e3380000, 0x00000000f5f80000)
  object space 22016K, 41% used [0x00000000e1e00000,0x00000000e26fc228,0x00000000e3380000)
 Metaspace       used 20461K, capacity 21194K, committed 21248K, reserved 1067008K
  class space    used 2821K, capacity 3029K, committed 3072K, reserved 1048576K
Event: 52,081 GC heap after
Heap after GC invocations=6 (full 0):
 PSYoungGen      total 13312K, used 1440K [0x00000000f5f80000, 0x00000000f7980000, 0x0000000100000000)
  eden space 8704K, 0% used [0x00000000f5f80000,0x00000000f5f80000,0x00000000f6800000)
  from space 4608K, 31% used [0x00000000f6c80000,0x00000000f6de8030,0x00000000f7100000)
  to   space 4608K, 0% used [0x00000000f6800000,0x00000000f6800000,0x00000000f6c80000)
 ParOldGen       total 22016K, used 9208K [0x00000000e1e00000, 0x00000000e3380000, 0x00000000f5f80000)
  object space 22016K, 41% used [0x00000000e1e00000,0x00000000e26fe228,0x00000000e3380000)
 Metaspace       used 20461K, capacity 21194K, committed 21248K, reserved 1067008K
  class space    used 2821K, capacity 3029K, committed 3072K, reserved 1048576K
}
Event: 52,124 GC heap before
{Heap before GC invocations=7 (full 0):
 PSYoungGen      total 13312K, used 2763K [0x00000000f5f80000, 0x00000000f7980000, 0x0000000100000000)
  eden space 8704K, 15% used [0x00000000f5f80000,0x00000000f60cacb0,0x00000000f6800000)
  from space 4608K, 31% used [0x00000000f6c80000,0x00000000f6de8030,0x00000000f7100000)
  to   space 4608K, 0% used [0x00000000f6800000,0x00000000f6800000,0x00000000f6c80000)
 ParOldGen       total 22016K, used 9208K [0x00000000e1e00000, 0x00000000e3380000, 0x00000000f5f80000)
  object space 22016K, 41% used [0x00000000e1e00000,0x00000000e26fe228,0x00000000e3380000)
 Metaspace       used 20463K, capacity 21194K, committed 21248K, reserved 1067008K
  class space    used 2821K, capacity 3029K, committed 3072K, reserved 1048576K
Event: 52,134 GC heap after
Heap after GC invocations=7 (full 0):
 PSYoungGen      total 13312K, used 2225K [0x00000000f5f80000, 0x00000000f7980000, 0x0000000100000000)
  eden space 8704K, 0% used [0x00000000f5f80000,0x00000000f5f80000,0x00000000f6800000)
  from space 4608K, 48% used [0x00000000f6800000,0x00000000f6a2c6f8,0x00000000f6c80000)
  to   space 4608K, 0% used [0x00000000f7500000,0x00000000f7500000,0x00000000f7980000)
 ParOldGen       total 22016K, used 9592K [0x00000000e1e00000, 0x00000000e3380000, 0x00000000f5f80000)
  object space 22016K, 43% used [0x00000000e1e00000,0x00000000e275e288,0x00000000e3380000)
 Metaspace       used 20463K, capacity 21194K, committed 21248K, reserved 1067008K
  class space    used 2821K, capacity 3029K, committed 3072K, reserved 1048576K
}
Event: 52,134 GC heap before
{Heap before GC invocations=8 (full 1):
 PSYoungGen      total 13312K, used 2225K [0x00000000f5f80000, 0x00000000f7980000, 0x0000000100000000)
  eden space 8704K, 0% used [0x00000000f5f80000,0x00000000f5f80000,0x00000000f6800000)
  from space 4608K, 48% used [0x00000000f6800000,0x00000000f6a2c6f8,0x00000000f6c80000)
  to   space 4608K, 0% used [0x00000000f7500000,0x00000000f7500000,0x00000000f7980000)
 ParOldGen       total 22016K, used 9592K [0x00000000e1e00000, 0x00000000e3380000, 0x00000000f5f80000)
  object space 22016K, 43% used [0x00000000e1e00000,0x00000000e275e288,0x00000000e3380000)
 Metaspace       used 20463K, capacity 21194K, committed 21248K, reserved 1067008K
  class space    used 2821K, capacity 3029K, committed 3072K, reserved 1048576K
Event: 52,286 GC heap after
Heap after GC invocations=8 (full 1):
 PSYoungGen      total 13312K, used 0K [0x00000000f5f80000, 0x00000000f7980000, 0x0000000100000000)
  eden space 8704K, 0% used [0x00000000f5f80000,0x00000000f5f80000,0x00000000f6800000)
  from space 4608K, 0% used [0x00000000f6800000,0x00000000f6800000,0x00000000f6c80000)
  to   space 4608K, 0% used [0x00000000f7500000,0x00000000f7500000,0x00000000f7980000)
 ParOldGen       total 24576K, used 11359K [0x00000000e1e00000, 0x00000000e3600000, 0x00000000f5f80000)
  object space 24576K, 46% used [0x00000000e1e00000,0x00000000e2917f88,0x00000000e3600000)
 Metaspace       used 20463K, capacity 21194K, committed 21248K, reserved 1067008K
  class space    used 2821K, capacity 3029K, committed 3072K, reserved 1048576K
}
Event: 53,532 GC heap before
{Heap before GC invocations=9 (full 1):
 PSYoungGen      total 13312K, used 8704K [0x00000000f5f80000, 0x00000000f7980000, 0x0000000100000000)
  eden space 8704K, 100% used [0x00000000f5f80000,0x00000000f6800000,0x00000000f6800000)
  from space 4608K, 0% used [0x00000000f6800000,0x00000000f6800000,0x00000000f6c80000)
  to   space 4608K, 0% used [0x00000000f7500000,0x00000000f7500000,0x00000000f7980000)
 ParOldGen       total 24576K, used 11359K [0x00000000e1e00000, 0x00000000e3600000, 0x00000000f5f80000)
  object space 24576K, 46% used [0x00000000e1e00000,0x00000000e2917f88,0x00000000e3600000)
 Metaspace       used 21730K, capacity 22854K, committed 23040K, reserved 1069056K
  class space    used 3043K, capacity 3275K, committed 3328K, reserved 1048576K
Event: 53,537 GC heap after
Heap after GC invocations=9 (full 1):
 PSYoungGen      total 20992K, used 944K [0x00000000f5f80000, 0x00000000f7900000, 0x0000000100000000)
  eden space 16896K, 0% used [0x00000000f5f80000,0x00000000f5f80000,0x00000000f7000000)
  from space 4096K, 23% used [0x00000000f7500000,0x00000000f75ec010,0x00000000f7900000)
  to   space 4608K, 0% used [0x00000000f7000000,0x00000000f7000000,0x00000000f7480000)
 ParOldGen       total 24576K, used 11367K [0x00000000e1e00000, 0x00000000e3600000, 0x00000000f5f80000)
  object space 24576K, 46% used [0x00000000e1e00000,0x00000000e2919f88,0x00000000e3600000)
 Metaspace       used 21730K, capacity 22854K, committed 23040K, reserved 1069056K
  class space    used 3043K, capacity 3275K, committed 3328K, reserved 1048576K
}

